SF:/Users/maydayh/claims_mapper/lib/claim_mapper.dart
DA:16,1
DA:19,1
DA:21,1
DA:22,1
DA:25,1
DA:26,1
DA:29,2
DA:30,2
DA:31,1
DA:33,1
DA:35,1
DA:39,2
DA:40,2
DA:41,1
DA:43,1
DA:45,1
DA:49,1
DA:50,1
DA:53,1
DA:54,1
DA:57,2
DA:59,1
DA:73,1
DA:74,1
DA:75,2
DA:77,1
DA:78,4
DA:81,1
DA:82,1
DA:83,4
DA:87,0
DA:92,1
DA:93,0
DA:95,1
DA:97,1
DA:98,3
DA:99,3
DA:100,1
DA:103,1
DA:104,1
DA:105,2
DA:106,3
DA:107,2
DA:109,3
DA:115,0
DA:118,1
DA:120,2
DA:121,2
DA:122,0
DA:127,1
DA:130,3
DA:133,2
DA:134,0
DA:138,2
DA:139,3
DA:146,1
DA:147,2
DA:148,2
DA:149,0
DA:151,1
DA:152,1
DA:157,1
DA:160,1
DA:161,2
DA:163,1
DA:164,1
DA:165,3
DA:166,1
DA:169,1
DA:173,4
DA:174,2
DA:176,1
DA:177,2
DA:179,1
DA:187,1
DA:189,1
DA:192,4
DA:196,2
DA:198,0
DA:199,0
DA:200,0
DA:201,0
DA:205,2
DA:207,2
DA:208,2
DA:209,2
DA:210,1
DA:213,0
DA:218,1
DA:219,0
DA:221,1
DA:222,2
DA:223,2
DA:227,1
DA:229,2
DA:230,1
DA:231,1
DA:232,2
DA:233,1
DA:237,0
DA:242,1
DA:244,1
DA:245,0
DA:249,1
DA:252,3
DA:256,1
DA:257,0
DA:258,0
DA:260,1
DA:261,0
DA:266,1
DA:268,3
DA:269,1
DA:271,0
DA:277,1
DA:279,2
DA:280,1
DA:282,4
DA:286,1
LF:119
LH:101
end_of_record
SF:/Users/maydayh/claims_mapper/lib/errors.dart
DA:8,1
DA:10,1
DA:11,4
DA:16,1
DA:17,2
DA:22,0
DA:24,0
DA:25,0
DA:26,0
DA:32,1
DA:33,5
DA:38,1
DA:39,6
DA:44,0
DA:45,0
DA:50,1
DA:51,6
LF:17
LH:11
end_of_record
SF:/Users/maydayh/claims_mapper/lib/logger.dart
DA:13,0
DA:16,0
DA:19,0
DA:23,0
DA:24,0
DA:26,0
DA:29,0
DA:33,0
DA:35,0
DA:37,0
DA:39,0
DA:41,0
DA:43,0
LF:13
LH:0
end_of_record
SF:/Users/maydayh/claims_mapper/lib/claim.dart
DA:30,1
DA:41,0
DA:42,0
DA:43,0
DA:44,0
DA:45,0
DA:60,1
DA:66,0
DA:68,0
LF:9
LH:2
end_of_record
